# JRE version: Java(TM) SE Runtime Environment (8.0_221-b11) (build 1.8.0_221-b11)
# Java VM: Java HotSpot(TM) 64-Bit Server VM (25.221-b11 mixed mode windows-amd64 compressed oops)
Heap:
 PSYoungGen      total 38912K, used 5945K [0x00000000eb580000, 0x00000000ee280000, 0x0000000100000000)
  eden space 31744K, 18% used [0x00000000eb580000,0x00000000ebb4e7d8,0x00000000ed480000)
  from space 7168K, 0% used [0x00000000edb80000,0x00000000edb80000,0x00000000ee280000)
  to   space 7168K, 0% used [0x00000000ed480000,0x00000000ed480000,0x00000000edb80000)
 ParOldGen       total 51712K, used 21645K [0x00000000c2000000, 0x00000000c5280000, 0x00000000eb580000)
  object space 51712K, 41% used [0x00000000c2000000,0x00000000c3523778,0x00000000c5280000)
 Metaspace       used 21876K, capacity 22115K, committed 22528K, reserved 1069056K
  class space    used 2710K, capacity 2776K, committed 2816K, reserved 1048576K
GC Heap History (10 events):
Event: 5.954 GC heap before
{Heap before GC invocations=7 (full 0):
 PSYoungGen      total 18432K, used 18432K [0x00000000eb580000, 0x00000000ed980000, 0x0000000100000000)
  eden space 15872K, 100% used [0x00000000eb580000,0x00000000ec500000,0x00000000ec500000)
  from space 2560K, 100% used [0x00000000ec780000,0x00000000eca00000,0x00000000eca00000)
  to   space 2560K, 0% used [0x00000000ec500000,0x00000000ec500000,0x00000000ec780000)
 ParOldGen       total 42496K, used 15274K [0x00000000c2000000, 0x00000000c4980000, 0x00000000eb580000)
  object space 42496K, 35% used [0x00000000c2000000,0x00000000c2eea948,0x00000000c4980000)
 Metaspace       used 12898K, capacity 12970K, committed 13312K, reserved 1060864K
  class space    used 1692K, capacity 1727K, committed 1792K, reserved 1048576K
Event: 5.971 GC heap after
Heap after GC invocations=7 (full 0):
 PSYoungGen      total 18432K, used 2560K [0x00000000eb580000, 0x00000000ee280000, 0x0000000100000000)
  eden space 15872K, 0% used [0x00000000eb580000,0x00000000eb580000,0x00000000ec500000)
  from space 2560K, 100% used [0x00000000ec500000,0x00000000ec780000,0x00000000ec780000)
  to   space 7168K, 0% used [0x00000000edb80000,0x00000000edb80000,0x00000000ee280000)
 ParOldGen       total 42496K, used 18177K [0x00000000c2000000, 0x00000000c4980000, 0x00000000eb580000)
  object space 42496K, 42% used [0x00000000c2000000,0x00000000c31c0558,0x00000000c4980000)
 Metaspace       used 12898K, capacity 12970K, committed 13312K, reserved 1060864K
  class space    used 1692K, capacity 1727K, committed 1792K, reserved 1048576K
}
Event: 7.907 GC heap before
{Heap before GC invocations=8 (full 0):
 PSYoungGen      total 18432K, used 18432K [0x00000000eb580000, 0x00000000ee280000, 0x0000000100000000)
  eden space 15872K, 100% used [0x00000000eb580000,0x00000000ec500000,0x00000000ec500000)
  from space 2560K, 100% used [0x00000000ec500000,0x00000000ec780000,0x00000000ec780000)
  to   space 7168K, 0% used [0x00000000edb80000,0x00000000edb80000,0x00000000ee280000)
 ParOldGen       total 42496K, used 18177K [0x00000000c2000000, 0x00000000c4980000, 0x00000000eb580000)
  object space 42496K, 42% used [0x00000000c2000000,0x00000000c31c0558,0x00000000c4980000)
 Metaspace       used 15583K, capacity 15734K, committed 16000K, reserved 1062912K
  class space    used 2055K, capacity 2113K, committed 2176K, reserved 1048576K
Event: 7.920 GC heap after
Heap after GC invocations=8 (full 0):
 PSYoungGen      total 38912K, used 4934K [0x00000000eb580000, 0x00000000ee280000, 0x0000000100000000)
  eden space 31744K, 0% used [0x00000000eb580000,0x00000000eb580000,0x00000000ed480000)
  from space 7168K, 68% used [0x00000000edb80000,0x00000000ee051a68,0x00000000ee280000)
  to   space 7168K, 0% used [0x00000000ed480000,0x00000000ed480000,0x00000000edb80000)
 ParOldGen       total 42496K, used 19017K [0x00000000c2000000, 0x00000000c4980000, 0x00000000eb580000)
  object space 42496K, 44% used [0x00000000c2000000,0x00000000c3292610,0x00000000c4980000)
 Metaspace       used 15583K, capacity 15734K, committed 16000K, reserved 1062912K
  class space    used 2055K, capacity 2113K, committed 2176K, reserved 1048576K
}
Event: 10.936 GC heap before
{Heap before GC invocations=9 (full 0):
 PSYoungGen      total 38912K, used 36678K [0x00000000eb580000, 0x00000000ee280000, 0x0000000100000000)
  eden space 31744K, 100% used [0x00000000eb580000,0x00000000ed480000,0x00000000ed480000)
  from space 7168K, 68% used [0x00000000edb80000,0x00000000ee051a68,0x00000000ee280000)
  to   space 7168K, 0% used [0x00000000ed480000,0x00000000ed480000,0x00000000edb80000)
 ParOldGen       total 42496K, used 19017K [0x00000000c2000000, 0x00000000c4980000, 0x00000000eb580000)
  object space 42496K, 44% used [0x00000000c2000000,0x00000000c3292610,0x00000000c4980000)
 Metaspace       used 18539K, capacity 18736K, committed 18944K, reserved 1064960K
  class space    used 2431K, capacity 2480K, committed 2560K, reserved 1048576K
Event: 10.983 GC heap after
Heap after GC invocations=9 (full 0):
 PSYoungGen      total 38912K, used 7145K [0x00000000eb580000, 0x00000000ee280000, 0x0000000100000000)
  eden space 31744K, 0% used [0x00000000eb580000,0x00000000eb580000,0x00000000ed480000)
  from space 7168K, 99% used [0x00000000ed480000,0x00000000edb7a470,0x00000000edb80000)
  to   space 7168K, 0% used [0x00000000edb80000,0x00000000edb80000,0x00000000ee280000)
 ParOldGen       total 42496K, used 19654K [0x00000000c2000000, 0x00000000c4980000, 0x00000000eb580000)
  object space 42496K, 46% used [0x00000000c2000000,0x00000000c3331a68,0x00000000c4980000)
 Metaspace       used 18539K, capacity 18736K, committed 18944K, reserved 1064960K
  class space    used 2431K, capacity 2480K, committed 2560K, reserved 1048576K
}
Event: 17.454 GC heap before
{Heap before GC invocations=10 (full 0):
 PSYoungGen      total 38912K, used 29754K [0x00000000eb580000, 0x00000000ee280000, 0x0000000100000000)
  eden space 31744K, 71% used [0x00000000eb580000,0x00000000ecb94438,0x00000000ed480000)
  from space 7168K, 99% used [0x00000000ed480000,0x00000000edb7a470,0x00000000edb80000)
  to   space 7168K, 0% used [0x00000000edb80000,0x00000000edb80000,0x00000000ee280000)
 ParOldGen       total 42496K, used 19654K [0x00000000c2000000, 0x00000000c4980000, 0x00000000eb580000)
  object space 42496K, 46% used [0x00000000c2000000,0x00000000c3331a68,0x00000000c4980000)
 Metaspace       used 20792K, capacity 20992K, committed 21248K, reserved 1067008K
  class space    used 2657K, capacity 2712K, committed 2816K, reserved 1048576K
Event: 17.471 GC heap after
Heap after GC invocations=10 (full 0):
 PSYoungGen      total 38912K, used 4473K [0x00000000eb580000, 0x00000000ee280000, 0x0000000100000000)
  eden space 31744K, 0% used [0x00000000eb580000,0x00000000eb580000,0x00000000ed480000)
  from space 7168K, 62% used [0x00000000edb80000,0x00000000edfde6c0,0x00000000ee280000)
  to   space 7168K, 0% used [0x00000000ed480000,0x00000000ed480000,0x00000000edb80000)
 ParOldGen       total 42496K, used 21964K [0x00000000c2000000, 0x00000000c4980000, 0x00000000eb580000)
  object space 42496K, 51% used [0x00000000c2000000,0x00000000c35732a8,0x00000000c4980000)
 Metaspace       used 20792K, capacity 20992K, committed 21248K, reserved 1067008K
  class space    used 2657K, capacity 2712K, committed 2816K, reserved 1048576K
}
Event: 17.471 GC heap before
{Heap before GC invocations=11 (full 1):
 PSYoungGen      total 38912K, used 4473K [0x00000000eb580000, 0x00000000ee280000, 0x0000000100000000)
  eden space 31744K, 0% used [0x00000000eb580000,0x00000000eb580000,0x00000000ed480000)
  from space 7168K, 62% used [0x00000000edb80000,0x00000000edfde6c0,0x00000000ee280000)
  to   space 7168K, 0% used [0x00000000ed480000,0x00000000ed480000,0x00000000edb80000)
 ParOldGen       total 42496K, used 21964K [0x00000000c2000000, 0x00000000c4980000, 0x00000000eb580000)
  object space 42496K, 51% used [0x00000000c2000000,0x00000000c35732a8,0x00000000c4980000)
 Metaspace       used 20792K, capacity 20992K, committed 21248K, reserved 1067008K
  class space    used 2657K, capacity 2712K, committed 2816K, reserved 1048576K
Event: 17.825 GC heap after
Heap after GC invocations=11 (full 1):
 PSYoungGen      total 38912K, used 0K [0x00000000eb580000, 0x00000000ee280000, 0x0000000100000000)
  eden space 31744K, 0% used [0x00000000eb580000,0x00000000eb580000,0x00000000ed480000)
  from space 7168K, 0% used [0x00000000edb80000,0x00000000edb80000,0x00000000ee280000)
  to   space 7168K, 0% used [0x00000000ed480000,0x00000000ed480000,0x00000000edb80000)
 ParOldGen       total 51712K, used 21645K [0x00000000c2000000, 0x00000000c5280000, 0x00000000eb580000)
  object space 51712K, 41% used [0x00000000c2000000,0x00000000c3523778,0x00000000c5280000)
 Metaspace       used 20792K, capacity 20992K, committed 21248K, reserved 1067008K
  class space    used 2657K, capacity 2712K, committed 2816K, reserved 1048576K
}

