# JRE version: Java(TM) SE Runtime Environment (8.0_221-b11) (build 1.8.0_221-b11)
# Java VM: Java HotSpot(TM) 64-Bit Server VM (25.221-b11 mixed mode windows-amd64 compressed oops)
Heap:
 PSYoungGen      total 141312K, used 78355K [0x00000000eb580000, 0x00000000f7b80000, 0x0000000100000000)
  eden space 126976K, 60% used [0x00000000eb580000,0x00000000f007b898,0x00000000f3180000)
  from space 14336K, 10% used [0x00000000f3180000,0x00000000f3309388,0x00000000f3f80000)
  to   space 14848K, 0% used [0x00000000f6d00000,0x00000000f6d00000,0x00000000f7b80000)
 ParOldGen       total 65536K, used 28163K [0x00000000c2000000, 0x00000000c6000000, 0x00000000eb580000)
  object space 65536K, 42% used [0x00000000c2000000,0x00000000c3b80fb8,0x00000000c6000000)
 Metaspace       used 22703K, capacity 23009K, committed 23168K, reserved 1069056K
  class space    used 2763K, capacity 2837K, committed 2944K, reserved 1048576K
GC Heap History (10 events):
Event: 3.315 GC heap before
{Heap before GC invocations=4 (full 0):
 PSYoungGen      total 34304K, used 34304K [0x00000000eb580000, 0x00000000ef880000, 0x0000000100000000)
  eden space 31744K, 100% used [0x00000000eb580000,0x00000000ed480000,0x00000000ed480000)
  from space 2560K, 100% used [0x00000000ed480000,0x00000000ed700000,0x00000000ed700000)
  to   space 2560K, 0% used [0x00000000ef600000,0x00000000ef600000,0x00000000ef880000)
 ParOldGen       total 42496K, used 8894K [0x00000000c2000000, 0x00000000c4980000, 0x00000000eb580000)
  object space 42496K, 20% used [0x00000000c2000000,0x00000000c28af960,0x00000000c4980000)
 Metaspace       used 11663K, capacity 11786K, committed 11904K, reserved 1058816K
  class space    used 1504K, capacity 1559K, committed 1664K, reserved 1048576K
Event: 3.333 GC heap after
Heap after GC invocations=4 (full 0):
 PSYoungGen      total 66048K, used 2544K [0x00000000eb580000, 0x00000000ef880000, 0x0000000100000000)
  eden space 63488K, 0% used [0x00000000eb580000,0x00000000eb580000,0x00000000ef380000)
  from space 2560K, 99% used [0x00000000ef600000,0x00000000ef87c010,0x00000000ef880000)
  to   space 2560K, 0% used [0x00000000ef380000,0x00000000ef380000,0x00000000ef600000)
 ParOldGen       total 42496K, used 14582K [0x00000000c2000000, 0x00000000c4980000, 0x00000000eb580000)
  object space 42496K, 34% used [0x00000000c2000000,0x00000000c2e3db58,0x00000000c4980000)
 Metaspace       used 11663K, capacity 11786K, committed 11904K, reserved 1058816K
  class space    used 1504K, capacity 1559K, committed 1664K, reserved 1048576K
}
Event: 7.117 GC heap before
{Heap before GC invocations=5 (full 0):
 PSYoungGen      total 66048K, used 66032K [0x00000000eb580000, 0x00000000ef880000, 0x0000000100000000)
  eden space 63488K, 100% used [0x00000000eb580000,0x00000000ef380000,0x00000000ef380000)
  from space 2560K, 99% used [0x00000000ef600000,0x00000000ef87c010,0x00000000ef880000)
  to   space 2560K, 0% used [0x00000000ef380000,0x00000000ef380000,0x00000000ef600000)
 ParOldGen       total 42496K, used 14582K [0x00000000c2000000, 0x00000000c4980000, 0x00000000eb580000)
  object space 42496K, 34% used [0x00000000c2000000,0x00000000c2e3db58,0x00000000c4980000)
 Metaspace       used 18504K, capacity 18720K, committed 18944K, reserved 1064960K
  class space    used 2424K, capacity 2480K, committed 2560K, reserved 1048576K
Event: 7.167 GC heap after
Heap after GC invocations=5 (full 0):
 PSYoungGen      total 66048K, used 2528K [0x00000000eb580000, 0x00000000f4e80000, 0x0000000100000000)
  eden space 63488K, 0% used [0x00000000eb580000,0x00000000eb580000,0x00000000ef380000)
  from space 2560K, 98% used [0x00000000ef380000,0x00000000ef5f8010,0x00000000ef600000)
  to   space 14848K, 0% used [0x00000000f4000000,0x00000000f4000000,0x00000000f4e80000)
 ParOldGen       total 42496K, used 25240K [0x00000000c2000000, 0x00000000c4980000, 0x00000000eb580000)
  object space 42496K, 59% used [0x00000000c2000000,0x00000000c38a6168,0x00000000c4980000)
 Metaspace       used 18504K, capacity 18720K, committed 18944K, reserved 1064960K
  class space    used 2424K, capacity 2480K, committed 2560K, reserved 1048576K
}
Event: 10.584 GC heap before
{Heap before GC invocations=6 (full 0):
 PSYoungGen      total 66048K, used 27505K [0x00000000eb580000, 0x00000000f4e80000, 0x0000000100000000)
  eden space 63488K, 39% used [0x00000000eb580000,0x00000000ecde4528,0x00000000ef380000)
  from space 2560K, 98% used [0x00000000ef380000,0x00000000ef5f8010,0x00000000ef600000)
  to   space 14848K, 0% used [0x00000000f4000000,0x00000000f4000000,0x00000000f4e80000)
 ParOldGen       total 42496K, used 25240K [0x00000000c2000000, 0x00000000c4980000, 0x00000000eb580000)
  object space 42496K, 59% used [0x00000000c2000000,0x00000000c38a6168,0x00000000c4980000)
 Metaspace       used 20812K, capacity 21034K, committed 21248K, reserved 1067008K
  class space    used 2657K, capacity 2711K, committed 2816K, reserved 1048576K
Event: 10.622 GC heap after
Heap after GC invocations=6 (full 0):
 PSYoungGen      total 140800K, used 4600K [0x00000000eb580000, 0x00000000f4d80000, 0x0000000100000000)
  eden space 126976K, 0% used [0x00000000eb580000,0x00000000eb580000,0x00000000f3180000)
  from space 13824K, 33% used [0x00000000f4000000,0x00000000f447e120,0x00000000f4d80000)
  to   space 14336K, 0% used [0x00000000f3180000,0x00000000f3180000,0x00000000f3f80000)
 ParOldGen       total 42496K, used 25240K [0x00000000c2000000, 0x00000000c4980000, 0x00000000eb580000)
  object space 42496K, 59% used [0x00000000c2000000,0x00000000c38a6168,0x00000000c4980000)
 Metaspace       used 20812K, capacity 21034K, committed 21248K, reserved 1067008K
  class space    used 2657K, capacity 2711K, committed 2816K, reserved 1048576K
}
Event: 10.623 GC heap before
{Heap before GC invocations=7 (full 1):
 PSYoungGen      total 140800K, used 4600K [0x00000000eb580000, 0x00000000f4d80000, 0x0000000100000000)
  eden space 126976K, 0% used [0x00000000eb580000,0x00000000eb580000,0x00000000f3180000)
  from space 13824K, 33% used [0x00000000f4000000,0x00000000f447e120,0x00000000f4d80000)
  to   space 14336K, 0% used [0x00000000f3180000,0x00000000f3180000,0x00000000f3f80000)
 ParOldGen       total 42496K, used 25240K [0x00000000c2000000, 0x00000000c4980000, 0x00000000eb580000)
  object space 42496K, 59% used [0x00000000c2000000,0x00000000c38a6168,0x00000000c4980000)
 Metaspace       used 20812K, capacity 21034K, committed 21248K, reserved 1067008K
  class space    used 2657K, capacity 2711K, committed 2816K, reserved 1048576K
Event: 10.873 GC heap after
Heap after GC invocations=7 (full 1):
 PSYoungGen      total 140800K, used 0K [0x00000000eb580000, 0x00000000f4d80000, 0x0000000100000000)
  eden space 126976K, 0% used [0x00000000eb580000,0x00000000eb580000,0x00000000f3180000)
  from space 13824K, 0% used [0x00000000f4000000,0x00000000f4000000,0x00000000f4d80000)
  to   space 14336K, 0% used [0x00000000f3180000,0x00000000f3180000,0x00000000f3f80000)
 ParOldGen       total 65536K, used 28155K [0x00000000c2000000, 0x00000000c6000000, 0x00000000eb580000)
  object space 65536K, 42% used [0x00000000c2000000,0x00000000c3b7efb8,0x00000000c6000000)
 Metaspace       used 20812K, capacity 21034K, committed 21248K, reserved 1067008K
  class space    used 2657K, capacity 2711K, committed 2816K, reserved 1048576K
}
Event: 14.882 GC heap before
{Heap before GC invocations=8 (full 1):
 PSYoungGen      total 140800K, used 126976K [0x00000000eb580000, 0x00000000f4d80000, 0x0000000100000000)
  eden space 126976K, 100% used [0x00000000eb580000,0x00000000f3180000,0x00000000f3180000)
  from space 13824K, 0% used [0x00000000f4000000,0x00000000f4000000,0x00000000f4d80000)
  to   space 14336K, 0% used [0x00000000f3180000,0x00000000f3180000,0x00000000f3f80000)
 ParOldGen       total 65536K, used 28155K [0x00000000c2000000, 0x00000000c6000000, 0x00000000eb580000)
  object space 65536K, 42% used [0x00000000c2000000,0x00000000c3b7efb8,0x00000000c6000000)
 Metaspace       used 22615K, capacity 22881K, committed 23168K, reserved 1069056K
  class space    used 2759K, capacity 2837K, committed 2944K, reserved 1048576K
Event: 14.912 GC heap after
Heap after GC invocations=8 (full 1):
 PSYoungGen      total 141312K, used 1572K [0x00000000eb580000, 0x00000000f7b80000, 0x0000000100000000)
  eden space 126976K, 0% used [0x00000000eb580000,0x00000000eb580000,0x00000000f3180000)
  from space 14336K, 10% used [0x00000000f3180000,0x00000000f3309388,0x00000000f3f80000)
  to   space 14848K, 0% used [0x00000000f6d00000,0x00000000f6d00000,0x00000000f7b80000)
 ParOldGen       total 65536K, used 28163K [0x00000000c2000000, 0x00000000c6000000, 0x00000000eb580000)
  object space 65536K, 42% used [0x00000000c2000000,0x00000000c3b80fb8,0x00000000c6000000)
 Metaspace       used 22615K, capacity 22881K, committed 23168K, reserved 1069056K
  class space    used 2759K, capacity 2837K, committed 2944K, reserved 1048576K
}

