# JRE version: Java(TM) SE Runtime Environment (8.0_221-b11) (build 1.8.0_221-b11)
# Java VM: Java HotSpot(TM) 64-Bit Server VM (25.221-b11 mixed mode windows-amd64 compressed oops)
Heap:
 PSYoungGen      total 179200K, used 27082K [0x00000000eb580000, 0x00000000f7c80000, 0x0000000100000000)
  eden space 168448K, 15% used [0x00000000eb580000,0x00000000ecf5f290,0x00000000f5a00000)
  from space 10752K, 5% used [0x00000000f6700000,0x00000000f6793890,0x00000000f7180000)
  to   space 13312K, 0% used [0x00000000f5a00000,0x00000000f5a00000,0x00000000f6700000)
 ParOldGen       total 65024K, used 28182K [0x00000000c2000000, 0x00000000c5f80000, 0x00000000eb580000)
  object space 65024K, 43% used [0x00000000c2000000,0x00000000c3b85800,0x00000000c5f80000)
 Metaspace       used 22776K, capacity 23073K, committed 23424K, reserved 1069056K
  class space    used 2758K, capacity 2837K, committed 2944K, reserved 1048576K
GC Heap History (10 events):
Event: 24.471 GC heap before
{Heap before GC invocations=11 (full 1):
 PSYoungGen      total 141824K, used 127502K [0x00000000eb580000, 0x00000000f6400000, 0x0000000100000000)
  eden space 126976K, 100% used [0x00000000eb580000,0x00000000f3180000,0x00000000f3180000)
  from space 14848K, 3% used [0x00000000f3180000,0x00000000f3203890,0x00000000f4000000)
  to   space 14848K, 0% used [0x00000000f5580000,0x00000000f5580000,0x00000000f6400000)
 ParOldGen       total 65024K, used 28166K [0x00000000c2000000, 0x00000000c5f80000, 0x00000000eb580000)
  object space 65024K, 43% used [0x00000000c2000000,0x00000000c3b81800,0x00000000c5f80000)
 Metaspace       used 22709K, capacity 23009K, committed 23168K, reserved 1069056K
  class space    used 2757K, capacity 2837K, committed 2944K, reserved 1048576K
Event: 24.487 GC heap after
Heap after GC invocations=11 (full 1):
 PSYoungGen      total 160768K, used 558K [0x00000000eb580000, 0x00000000f6280000, 0x0000000100000000)
  eden space 147456K, 0% used [0x00000000eb580000,0x00000000eb580000,0x00000000f4580000)
  from space 13312K, 4% used [0x00000000f5580000,0x00000000f560b890,0x00000000f6280000)
  to   space 14848K, 0% used [0x00000000f4580000,0x00000000f4580000,0x00000000f5400000)
 ParOldGen       total 65024K, used 28166K [0x00000000c2000000, 0x00000000c5f80000, 0x00000000eb580000)
  object space 65024K, 43% used [0x00000000c2000000,0x00000000c3b81800,0x00000000c5f80000)
 Metaspace       used 22709K, capacity 23009K, committed 23168K, reserved 1069056K
  class space    used 2757K, capacity 2837K, committed 2944K, reserved 1048576K
}
Event: 26.557 GC heap before
{Heap before GC invocations=12 (full 1):
 PSYoungGen      total 160768K, used 148014K [0x00000000eb580000, 0x00000000f6280000, 0x0000000100000000)
  eden space 147456K, 100% used [0x00000000eb580000,0x00000000f4580000,0x00000000f4580000)
  from space 13312K, 4% used [0x00000000f5580000,0x00000000f560b890,0x00000000f6280000)
  to   space 14848K, 0% used [0x00000000f4580000,0x00000000f4580000,0x00000000f5400000)
 ParOldGen       total 65024K, used 28166K [0x00000000c2000000, 0x00000000c5f80000, 0x00000000eb580000)
  object space 65024K, 43% used [0x00000000c2000000,0x00000000c3b81800,0x00000000c5f80000)
 Metaspace       used 22726K, capacity 23073K, committed 23424K, reserved 1069056K
  class space    used 2757K, capacity 2837K, committed 2944K, reserved 1048576K
Event: 26.560 GC heap after
Heap after GC invocations=12 (full 1):
 PSYoungGen      total 162304K, used 590K [0x00000000eb580000, 0x00000000f7580000, 0x0000000100000000)
  eden space 147456K, 0% used [0x00000000eb580000,0x00000000eb580000,0x00000000f4580000)
  from space 14848K, 3% used [0x00000000f4580000,0x00000000f4613890,0x00000000f5400000)
  to   space 14848K, 0% used [0x00000000f6700000,0x00000000f6700000,0x00000000f7580000)
 ParOldGen       total 65024K, used 28174K [0x00000000c2000000, 0x00000000c5f80000, 0x00000000eb580000)
  object space 65024K, 43% used [0x00000000c2000000,0x00000000c3b83800,0x00000000c5f80000)
 Metaspace       used 22726K, capacity 23073K, committed 23424K, reserved 1069056K
  class space    used 2757K, capacity 2837K, committed 2944K, reserved 1048576K
}
Event: 28.193 GC heap before
{Heap before GC invocations=13 (full 1):
 PSYoungGen      total 162304K, used 148046K [0x00000000eb580000, 0x00000000f7580000, 0x0000000100000000)
  eden space 147456K, 100% used [0x00000000eb580000,0x00000000f4580000,0x00000000f4580000)
  from space 14848K, 3% used [0x00000000f4580000,0x00000000f4613890,0x00000000f5400000)
  to   space 14848K, 0% used [0x00000000f6700000,0x00000000f6700000,0x00000000f7580000)
 ParOldGen       total 65024K, used 28174K [0x00000000c2000000, 0x00000000c5f80000, 0x00000000eb580000)
  object space 65024K, 43% used [0x00000000c2000000,0x00000000c3b83800,0x00000000c5f80000)
 Metaspace       used 22754K, capacity 23073K, committed 23424K, reserved 1069056K
  class space    used 2757K, capacity 2837K, committed 2944K, reserved 1048576K
Event: 28.195 GC heap after
Heap after GC invocations=13 (full 1):
 PSYoungGen      total 174592K, used 558K [0x00000000eb580000, 0x00000000f7180000, 0x0000000100000000)
  eden space 163840K, 0% used [0x00000000eb580000,0x00000000eb580000,0x00000000f5580000)
  from space 10752K, 5% used [0x00000000f6700000,0x00000000f678b890,0x00000000f7180000)
  to   space 14336K, 0% used [0x00000000f5580000,0x00000000f5580000,0x00000000f6380000)
 ParOldGen       total 65024K, used 28174K [0x00000000c2000000, 0x00000000c5f80000, 0x00000000eb580000)
  object space 65024K, 43% used [0x00000000c2000000,0x00000000c3b83800,0x00000000c5f80000)
 Metaspace       used 22754K, capacity 23073K, committed 23424K, reserved 1069056K
  class space    used 2757K, capacity 2837K, committed 2944K, reserved 1048576K
}
Event: 29.682 GC heap before
{Heap before GC invocations=14 (full 1):
 PSYoungGen      total 174592K, used 164398K [0x00000000eb580000, 0x00000000f7180000, 0x0000000100000000)
  eden space 163840K, 100% used [0x00000000eb580000,0x00000000f5580000,0x00000000f5580000)
  from space 10752K, 5% used [0x00000000f6700000,0x00000000f678b890,0x00000000f7180000)
  to   space 14336K, 0% used [0x00000000f5580000,0x00000000f5580000,0x00000000f6380000)
 ParOldGen       total 65024K, used 28174K [0x00000000c2000000, 0x00000000c5f80000, 0x00000000eb580000)
  object space 65024K, 43% used [0x00000000c2000000,0x00000000c3b83800,0x00000000c5f80000)
 Metaspace       used 22759K, capacity 23073K, committed 23424K, reserved 1069056K
  class space    used 2757K, capacity 2837K, committed 2944K, reserved 1048576K
Event: 29.687 GC heap after
Heap after GC invocations=14 (full 1):
 PSYoungGen      total 178176K, used 590K [0x00000000eb580000, 0x00000000f7180000, 0x0000000100000000)
  eden space 163840K, 0% used [0x00000000eb580000,0x00000000eb580000,0x00000000f5580000)
  from space 14336K, 4% used [0x00000000f5580000,0x00000000f5613890,0x00000000f6380000)
  to   space 10752K, 0% used [0x00000000f6700000,0x00000000f6700000,0x00000000f7180000)
 ParOldGen       total 65024K, used 28174K [0x00000000c2000000, 0x00000000c5f80000, 0x00000000eb580000)
  object space 65024K, 43% used [0x00000000c2000000,0x00000000c3b83800,0x00000000c5f80000)
 Metaspace       used 22759K, capacity 23073K, committed 23424K, reserved 1069056K
  class space    used 2757K, capacity 2837K, committed 2944K, reserved 1048576K
}
Event: 31.706 GC heap before
{Heap before GC invocations=15 (full 1):
 PSYoungGen      total 178176K, used 164430K [0x00000000eb580000, 0x00000000f7180000, 0x0000000100000000)
  eden space 163840K, 100% used [0x00000000eb580000,0x00000000f5580000,0x00000000f5580000)
  from space 14336K, 4% used [0x00000000f5580000,0x00000000f5613890,0x00000000f6380000)
  to   space 10752K, 0% used [0x00000000f6700000,0x00000000f6700000,0x00000000f7180000)
 ParOldGen       total 65024K, used 28174K [0x00000000c2000000, 0x00000000c5f80000, 0x00000000eb580000)
  object space 65024K, 43% used [0x00000000c2000000,0x00000000c3b83800,0x00000000c5f80000)
 Metaspace       used 22776K, capacity 23073K, committed 23424K, reserved 1069056K
  class space    used 2758K, capacity 2837K, committed 2944K, reserved 1048576K
Event: 31.709 GC heap after
Heap after GC invocations=15 (full 1):
 PSYoungGen      total 179200K, used 590K [0x00000000eb580000, 0x00000000f7c80000, 0x0000000100000000)
  eden space 168448K, 0% used [0x00000000eb580000,0x00000000eb580000,0x00000000f5a00000)
  from space 10752K, 5% used [0x00000000f6700000,0x00000000f6793890,0x00000000f7180000)
  to   space 13312K, 0% used [0x00000000f5a00000,0x00000000f5a00000,0x00000000f6700000)
 ParOldGen       total 65024K, used 28182K [0x00000000c2000000, 0x00000000c5f80000, 0x00000000eb580000)
  object space 65024K, 43% used [0x00000000c2000000,0x00000000c3b85800,0x00000000c5f80000)
 Metaspace       used 22776K, capacity 23073K, committed 23424K, reserved 1069056K
  class space    used 2758K, capacity 2837K, committed 2944K, reserved 1048576K
}

